<?xml version="1.0" encoding="UTF-8"?>
<testng-results ignored="0" total="1" passed="1" failed="0" skipped="0">
  <reporter-output>
  </reporter-output>
  <suite started-at="2024-07-12T13:04:17 IST" name="Suite" finished-at="2024-07-12T13:04:27 IST" duration-ms="10757">
    <groups>
    </groups>
    <test started-at="2024-07-12T13:04:17 IST" name="Test" finished-at="2024-07-12T13:04:27 IST" duration-ms="10757">
      <class name="table.AmazonPriceSort">
        <test-method signature="amazon()[pri:0, instance:table.AmazonPriceSort@4d154ccd]" started-at="2024-07-12T13:04:17 IST" name="amazon" finished-at="2024-07-12T13:04:27 IST" duration-ms="10703" status="PASS">
          <reporter-output>
          </reporter-output>
        </test-method> <!-- amazon -->
      </class> <!-- table.AmazonPriceSort -->
    </test> <!-- Test -->
  </suite> <!-- Suite -->
</testng-results>
