<?xml version="1.0" encoding="UTF-8"?>
<!-- Generated by org.testng.reporters.JUnitXMLReporter -->
<testsuite ignored="2" hostname="DESKTOP-T0GPNL0" failures="0" tests="1" name="Test" time="0.052" errors="0" timestamp="2024-07-08T19:47:51 IST">
  <testcase classname="testNgPractice.TestFive" name="test_2" time="0.009"/>
  <testcase classname="testNgPractice.TestFive" name="test_1" time="0.0">
    <ignored/>
  </testcase> <!-- test_1 -->
  <testcase classname="testNgPractice.TestFive" name="test_3" time="0.0">
    <ignored/>
  </testcase> <!-- test_3 -->
</testsuite> <!-- Test -->
